ll01 ok 144 frames
wl01 ok 302 frames
dd01 ok 334 frames
ph01 ok 126 frames
bn01 ok 16 frames
dl01 ok 443 frames
fw01 ok 147 frames
gp02 ok 504 frames
hd01 ok 93 frames
kn01 ok 443 frames
lo02 ok 504 frames
mc01 ok 444 frames
ng01 ok 504 frames
ob01 ok 467 frames
pu01 ok 504 frames
qr01 ok 174 frames
rs02 ok 44 frames
sk02 ok 208 frames
sp01 ok 214 frames
sq02 ok 104 frames
sv02 ok 69 frames
tb02 ok 20 frames
tc01 ok 79 frames
tt02 ok 174 frames
zm01 ok 504 frames
as01 ok 502 frames
bp01 ok 505 frames
bn02 ok 69 frames
ck02 ok 97 frames
cr01 ok 91 frames
dm01 ok 504 frames
ex02 ok 502 frames
fl01 ok 502 frames
ff02 ok 214 frames
gp03 ok 504 frames
lw02 ok 223 frames
ml02 ok 359 frames
mm02 ok 177 frames
ms02 ok 83 frames
mx01 ok 73 frames
nw02 ok 52 frames
ph02 ok 72 frames
pt02 ok 37 frames
rp02 ok 57 frames
rz01 ok 21 frames
sg01 ok 439 frames
sk03 ok 162 frames
st01 ok 16 frames
sy02 ok 76 frames
tb03 ok 20 frames
tg01 ok 51 frames
tt03 ok 398 frames
ul02 ok 74 frames
wm02 ok 504 frames
zq02 ok 148 frames
ju01 ok 63 frames
co01 ok 59 frames
em01 ok 443 frames
nu01 ok 24 frames
gl01 ok 58 frames
or01 ok 397 frames
ex03 ok 502 frames
zq03 ok 70 frames
nw03 ok 52 frames
rs03 ok 49 frames
sv03 ok 46 frames
sq03 ok 124 frames
dr01 ok 73 frames
vi01 ok 313 frames
wa01 ok 68 frames
fi01 ok 21 frames
ul03 ok 74 frames
wm03 ok 504 frames
ms03 ok 83 frames
lo03 ok 504 frames
pt03 ok 37 frames
sy03 ok 138 frames
mm03 ok 235 frames
ff03 ok 254 frames
lw03 ok 139 frames
rp03 ok 30 frames
ml03 ok 365 frames
ck03 ok 86 frames
ph03 ok 252 frames
bn03 ok 112 frames
bi01 ok 106 frames
rk01 ok 116 frames
sn01 ok 145 frames
tr01 ok 162 frames
vp01 ok 168 frames
bt01 ok 161 frames
dg01 ok 159 frames
mb01 ok 151 frames
op01 ok 131 frames
kb01 ok 168 frames
eb01 ok 120 frames
fg01 ok 161 frames
jw01 ok 165 frames
pd01 ok 276 frames
rh01 ok 19 frames
av01 ok 56 frames
pw01 ok 505 frames
es01 ok 25 frames
wg01 ok 61 frames
hs01 ok 42 frames
tm01 ok 47 frames
cy01 ok 494 frames
in01 ok 52 frames
rc01 ok 63 frames
bl01 ok 50 frames
sw01 ok 60 frames
tw01 ok 126 frames
pm01 ok 125 frames
hz01 ok 129 frames
cq01 ok 127 frames
lf01 ok 139 frames
sb01 ok 105 frames
wp01 ok 470 frames
dv01 ok 123 frames
ox01 ok 123 frames
sl01 ok 103 frames
ci01 ok 160 frames
rv01 ok 78 frames
pk01 ok 325 frames
kv01 ok 190 frames
wr01 ok 265 frames
dp01 ok 327 frames
df01 ok 475 frames
rn01 ok 188 frames
sc01 ok 356 frames
au01 ok 98 frames
cf01 ok 72 frames
ep01 ok 57 frames
tf01 ok 320 frames
ec01 ok 197 frames
tk01 ok 503 frames
hn01 ok 504 frames
fb01 ok 79 frames
lp01 ok 39 frames
rb01 ok 110 frames
at01 ok 502 frames
wb01 ok 69 frames
lk01 ok 420 frames
dn01 ok 399 frames
qt01 ok 56 frames
vt01 ok 74 frames
fc01 ok 351 frames
pj01 ok 75 frames
gc01 ok 64 frames
sr01 ok 74 frames
cs01 ok 439 frames
ct01 ok 289 frames
cz01 ok 50 frames
eg01 ok 504 frames
ff04 ok 504 frames
gp04 ok 504 frames
lo04 ok 504 frames
lo05 ok 504 frames
qr04 ok 258 frames
sq04 ok 305 frames
sq05 ok 365 frames
pt04 ok 502 frames
pt05 ok 504 frames
sy04 ok 76 frames
dm04 ok 504 frames
pk02 ok 504 frames
fl04 ok 503 frames
lw04 ok 503 frames
sf04 ok 56 frames
sp04 ok 139 frames
ll04 ok 504 frames
ab01 ok 38 frames
df04 ok 98 frames
ih01 ok 77 frames
tc04 ok 56 frames
zm04 ok 39 frames
pu04 ok 504 frames
pd04 ok 504 frames
ck04 ok 504 frames
rp04 ok 39 frames
ph04 ok 68 frames
ml04 ok 504 frames
pj04 ok 504 frames
wm04 ok 510 frames
sg04 ok 64 frames
ng04 ok 504 frames
bn04 ok 114 frames
sk04 ok 503 frames
pb04 ok 504 frames
rr01 ok 504 frames
hn04 ok 504 frames
kv04 ok 504 frames
rs04 ok 456 frames
ms04 ok 289 frames
cw01 ok 64 frames
cx01 ok 320 frames
cu01 ok 504 frames
cv01 ok 504 frames
mm04 ok 86 frames
mm05 ok 52 frames
fe02 ok 126 frames
